Determining if the pthread_create exist failed with the following output:
Change Dir: /home/csorawit/ZED_ws/src/tutorials/tutorial 3 - depth sensing/build/CMakeFiles/CMakeTmp

Run Build Command:"/usr/bin/make" "cmTC_b130f/fast"
/usr/bin/make -f CMakeFiles/cmTC_b130f.dir/build.make CMakeFiles/cmTC_b130f.dir/build
make[1]: Entering directory '/home/csorawit/ZED_ws/src/tutorials/tutorial 3 - depth sensing/build/CMakeFiles/CMakeTmp'
Building C object CMakeFiles/cmTC_b130f.dir/CheckSymbolExists.c.o
/usr/bin/cc     -o CMakeFiles/cmTC_b130f.dir/CheckSymbolExists.c.o   -c "/home/csorawit/ZED_ws/src/tutorials/tutorial 3 - depth sensing/build/CMakeFiles/CMakeTmp/CheckSymbolExists.c"
Linking C executable cmTC_b130f
/usr/bin/cmake -E cmake_link_script CMakeFiles/cmTC_b130f.dir/link.txt --verbose=1
/usr/bin/cc       CMakeFiles/cmTC_b130f.dir/CheckSymbolExists.c.o  -o cmTC_b130f -rdynamic 
CMakeFiles/cmTC_b130f.dir/CheckSymbolExists.c.o: In function `main':
CheckSymbolExists.c:(.text+0x16): undefined reference to `pthread_create'
collect2: error: ld returned 1 exit status
CMakeFiles/cmTC_b130f.dir/build.make:97: recipe for target 'cmTC_b130f' failed
make[1]: *** [cmTC_b130f] Error 1
make[1]: Leaving directory '/home/csorawit/ZED_ws/src/tutorials/tutorial 3 - depth sensing/build/CMakeFiles/CMakeTmp'
Makefile:126: recipe for target 'cmTC_b130f/fast' failed
make: *** [cmTC_b130f/fast] Error 2

File /home/csorawit/ZED_ws/src/tutorials/tutorial 3 - depth sensing/build/CMakeFiles/CMakeTmp/CheckSymbolExists.c:
/* */
#include <pthread.h>

int main(int argc, char** argv)
{
  (void)argv;
#ifndef pthread_create
  return ((int*)(&pthread_create))[argc];
#else
  (void)argc;
  return 0;
#endif
}

Determining if the function pthread_create exists in the pthreads failed with the following output:
Change Dir: /home/csorawit/ZED_ws/src/tutorials/tutorial 3 - depth sensing/build/CMakeFiles/CMakeTmp

Run Build Command:"/usr/bin/make" "cmTC_3de8b/fast"
/usr/bin/make -f CMakeFiles/cmTC_3de8b.dir/build.make CMakeFiles/cmTC_3de8b.dir/build
make[1]: Entering directory '/home/csorawit/ZED_ws/src/tutorials/tutorial 3 - depth sensing/build/CMakeFiles/CMakeTmp'
Building C object CMakeFiles/cmTC_3de8b.dir/CheckFunctionExists.c.o
/usr/bin/cc    -DCHECK_FUNCTION_EXISTS=pthread_create   -o CMakeFiles/cmTC_3de8b.dir/CheckFunctionExists.c.o   -c /usr/share/cmake-3.5/Modules/CheckFunctionExists.c
Linking C executable cmTC_3de8b
/usr/bin/cmake -E cmake_link_script CMakeFiles/cmTC_3de8b.dir/link.txt --verbose=1
/usr/bin/cc   -DCHECK_FUNCTION_EXISTS=pthread_create    CMakeFiles/cmTC_3de8b.dir/CheckFunctionExists.c.o  -o cmTC_3de8b -rdynamic -lpthreads 
/usr/bin/ld: cannot find -lpthreads
collect2: error: ld returned 1 exit status
CMakeFiles/cmTC_3de8b.dir/build.make:97: recipe for target 'cmTC_3de8b' failed
make[1]: *** [cmTC_3de8b] Error 1
make[1]: Leaving directory '/home/csorawit/ZED_ws/src/tutorials/tutorial 3 - depth sensing/build/CMakeFiles/CMakeTmp'
Makefile:126: recipe for target 'cmTC_3de8b/fast' failed
make: *** [cmTC_3de8b/fast] Error 2


