Determining if the pthread_create exist failed with the following output:
Change Dir: /home/csorawit/ZED_ws/src/tutorials/tutorial 5 - spatial mapping/build/CMakeFiles/CMakeTmp

Run Build Command:"/usr/bin/make" "cmTC_63273/fast"
/usr/bin/make -f CMakeFiles/cmTC_63273.dir/build.make CMakeFiles/cmTC_63273.dir/build
make[1]: Entering directory '/home/csorawit/ZED_ws/src/tutorials/tutorial 5 - spatial mapping/build/CMakeFiles/CMakeTmp'
Building C object CMakeFiles/cmTC_63273.dir/CheckSymbolExists.c.o
/usr/bin/cc     -o CMakeFiles/cmTC_63273.dir/CheckSymbolExists.c.o   -c "/home/csorawit/ZED_ws/src/tutorials/tutorial 5 - spatial mapping/build/CMakeFiles/CMakeTmp/CheckSymbolExists.c"
Linking C executable cmTC_63273
/usr/bin/cmake -E cmake_link_script CMakeFiles/cmTC_63273.dir/link.txt --verbose=1
/usr/bin/cc       CMakeFiles/cmTC_63273.dir/CheckSymbolExists.c.o  -o cmTC_63273 -rdynamic 
CMakeFiles/cmTC_63273.dir/CheckSymbolExists.c.o: In function `main':
CheckSymbolExists.c:(.text+0x16): undefined reference to `pthread_create'
collect2: error: ld returned 1 exit status
CMakeFiles/cmTC_63273.dir/build.make:97: recipe for target 'cmTC_63273' failed
make[1]: *** [cmTC_63273] Error 1
make[1]: Leaving directory '/home/csorawit/ZED_ws/src/tutorials/tutorial 5 - spatial mapping/build/CMakeFiles/CMakeTmp'
Makefile:126: recipe for target 'cmTC_63273/fast' failed
make: *** [cmTC_63273/fast] Error 2

File /home/csorawit/ZED_ws/src/tutorials/tutorial 5 - spatial mapping/build/CMakeFiles/CMakeTmp/CheckSymbolExists.c:
/* */
#include <pthread.h>

int main(int argc, char** argv)
{
  (void)argv;
#ifndef pthread_create
  return ((int*)(&pthread_create))[argc];
#else
  (void)argc;
  return 0;
#endif
}

Determining if the function pthread_create exists in the pthreads failed with the following output:
Change Dir: /home/csorawit/ZED_ws/src/tutorials/tutorial 5 - spatial mapping/build/CMakeFiles/CMakeTmp

Run Build Command:"/usr/bin/make" "cmTC_a029a/fast"
/usr/bin/make -f CMakeFiles/cmTC_a029a.dir/build.make CMakeFiles/cmTC_a029a.dir/build
make[1]: Entering directory '/home/csorawit/ZED_ws/src/tutorials/tutorial 5 - spatial mapping/build/CMakeFiles/CMakeTmp'
Building C object CMakeFiles/cmTC_a029a.dir/CheckFunctionExists.c.o
/usr/bin/cc    -DCHECK_FUNCTION_EXISTS=pthread_create   -o CMakeFiles/cmTC_a029a.dir/CheckFunctionExists.c.o   -c /usr/share/cmake-3.5/Modules/CheckFunctionExists.c
Linking C executable cmTC_a029a
/usr/bin/cmake -E cmake_link_script CMakeFiles/cmTC_a029a.dir/link.txt --verbose=1
/usr/bin/cc   -DCHECK_FUNCTION_EXISTS=pthread_create    CMakeFiles/cmTC_a029a.dir/CheckFunctionExists.c.o  -o cmTC_a029a -rdynamic -lpthreads 
/usr/bin/ld: cannot find -lpthreads
collect2: error: ld returned 1 exit status
CMakeFiles/cmTC_a029a.dir/build.make:97: recipe for target 'cmTC_a029a' failed
make[1]: *** [cmTC_a029a] Error 1
make[1]: Leaving directory '/home/csorawit/ZED_ws/src/tutorials/tutorial 5 - spatial mapping/build/CMakeFiles/CMakeTmp'
Makefile:126: recipe for target 'cmTC_a029a/fast' failed
make: *** [cmTC_a029a/fast] Error 2


