Determining if the pthread_create exist failed with the following output:
Change Dir: /home/csorawit/ZED_ws/src/tutorials/tutorial 2 - image capture/build/CMakeFiles/CMakeTmp

Run Build Command:"/usr/bin/make" "cmTC_ddefd/fast"
/usr/bin/make -f CMakeFiles/cmTC_ddefd.dir/build.make CMakeFiles/cmTC_ddefd.dir/build
make[1]: Entering directory '/home/csorawit/ZED_ws/src/tutorials/tutorial 2 - image capture/build/CMakeFiles/CMakeTmp'
Building C object CMakeFiles/cmTC_ddefd.dir/CheckSymbolExists.c.o
/usr/bin/cc     -o CMakeFiles/cmTC_ddefd.dir/CheckSymbolExists.c.o   -c "/home/csorawit/ZED_ws/src/tutorials/tutorial 2 - image capture/build/CMakeFiles/CMakeTmp/CheckSymbolExists.c"
Linking C executable cmTC_ddefd
/usr/bin/cmake -E cmake_link_script CMakeFiles/cmTC_ddefd.dir/link.txt --verbose=1
/usr/bin/cc       CMakeFiles/cmTC_ddefd.dir/CheckSymbolExists.c.o  -o cmTC_ddefd -rdynamic 
CMakeFiles/cmTC_ddefd.dir/CheckSymbolExists.c.o: In function `main':
CheckSymbolExists.c:(.text+0x16): undefined reference to `pthread_create'
collect2: error: ld returned 1 exit status
CMakeFiles/cmTC_ddefd.dir/build.make:97: recipe for target 'cmTC_ddefd' failed
make[1]: *** [cmTC_ddefd] Error 1
make[1]: Leaving directory '/home/csorawit/ZED_ws/src/tutorials/tutorial 2 - image capture/build/CMakeFiles/CMakeTmp'
Makefile:126: recipe for target 'cmTC_ddefd/fast' failed
make: *** [cmTC_ddefd/fast] Error 2

File /home/csorawit/ZED_ws/src/tutorials/tutorial 2 - image capture/build/CMakeFiles/CMakeTmp/CheckSymbolExists.c:
/* */
#include <pthread.h>

int main(int argc, char** argv)
{
  (void)argv;
#ifndef pthread_create
  return ((int*)(&pthread_create))[argc];
#else
  (void)argc;
  return 0;
#endif
}

Determining if the function pthread_create exists in the pthreads failed with the following output:
Change Dir: /home/csorawit/ZED_ws/src/tutorials/tutorial 2 - image capture/build/CMakeFiles/CMakeTmp

Run Build Command:"/usr/bin/make" "cmTC_39d58/fast"
/usr/bin/make -f CMakeFiles/cmTC_39d58.dir/build.make CMakeFiles/cmTC_39d58.dir/build
make[1]: Entering directory '/home/csorawit/ZED_ws/src/tutorials/tutorial 2 - image capture/build/CMakeFiles/CMakeTmp'
Building C object CMakeFiles/cmTC_39d58.dir/CheckFunctionExists.c.o
/usr/bin/cc    -DCHECK_FUNCTION_EXISTS=pthread_create   -o CMakeFiles/cmTC_39d58.dir/CheckFunctionExists.c.o   -c /usr/share/cmake-3.5/Modules/CheckFunctionExists.c
Linking C executable cmTC_39d58
/usr/bin/cmake -E cmake_link_script CMakeFiles/cmTC_39d58.dir/link.txt --verbose=1
/usr/bin/cc   -DCHECK_FUNCTION_EXISTS=pthread_create    CMakeFiles/cmTC_39d58.dir/CheckFunctionExists.c.o  -o cmTC_39d58 -rdynamic -lpthreads 
/usr/bin/ld: cannot find -lpthreads
collect2: error: ld returned 1 exit status
CMakeFiles/cmTC_39d58.dir/build.make:97: recipe for target 'cmTC_39d58' failed
make[1]: *** [cmTC_39d58] Error 1
make[1]: Leaving directory '/home/csorawit/ZED_ws/src/tutorials/tutorial 2 - image capture/build/CMakeFiles/CMakeTmp'
Makefile:126: recipe for target 'cmTC_39d58/fast' failed
make: *** [cmTC_39d58/fast] Error 2


