Determining if the pthread_create exist failed with the following output:
Change Dir: /home/csorawit/ZED_ws/src/other/cuda refocus/build/CMakeFiles/CMakeTmp

Run Build Command:"/usr/bin/make" "cmTC_451fb/fast"
/usr/bin/make -f CMakeFiles/cmTC_451fb.dir/build.make CMakeFiles/cmTC_451fb.dir/build
make[1]: Entering directory '/home/csorawit/ZED_ws/src/other/cuda refocus/build/CMakeFiles/CMakeTmp'
Building C object CMakeFiles/cmTC_451fb.dir/CheckSymbolExists.c.o
/usr/bin/cc     -o CMakeFiles/cmTC_451fb.dir/CheckSymbolExists.c.o   -c "/home/csorawit/ZED_ws/src/other/cuda refocus/build/CMakeFiles/CMakeTmp/CheckSymbolExists.c"
Linking C executable cmTC_451fb
/usr/bin/cmake -E cmake_link_script CMakeFiles/cmTC_451fb.dir/link.txt --verbose=1
/usr/bin/cc       CMakeFiles/cmTC_451fb.dir/CheckSymbolExists.c.o  -o cmTC_451fb -rdynamic 
CMakeFiles/cmTC_451fb.dir/CheckSymbolExists.c.o: In function `main':
CheckSymbolExists.c:(.text+0x16): undefined reference to `pthread_create'
collect2: error: ld returned 1 exit status
CMakeFiles/cmTC_451fb.dir/build.make:97: recipe for target 'cmTC_451fb' failed
make[1]: *** [cmTC_451fb] Error 1
make[1]: Leaving directory '/home/csorawit/ZED_ws/src/other/cuda refocus/build/CMakeFiles/CMakeTmp'
Makefile:126: recipe for target 'cmTC_451fb/fast' failed
make: *** [cmTC_451fb/fast] Error 2

File /home/csorawit/ZED_ws/src/other/cuda refocus/build/CMakeFiles/CMakeTmp/CheckSymbolExists.c:
/* */
#include <pthread.h>

int main(int argc, char** argv)
{
  (void)argv;
#ifndef pthread_create
  return ((int*)(&pthread_create))[argc];
#else
  (void)argc;
  return 0;
#endif
}

Determining if the function pthread_create exists in the pthreads failed with the following output:
Change Dir: /home/csorawit/ZED_ws/src/other/cuda refocus/build/CMakeFiles/CMakeTmp

Run Build Command:"/usr/bin/make" "cmTC_2c9af/fast"
/usr/bin/make -f CMakeFiles/cmTC_2c9af.dir/build.make CMakeFiles/cmTC_2c9af.dir/build
make[1]: Entering directory '/home/csorawit/ZED_ws/src/other/cuda refocus/build/CMakeFiles/CMakeTmp'
Building C object CMakeFiles/cmTC_2c9af.dir/CheckFunctionExists.c.o
/usr/bin/cc    -DCHECK_FUNCTION_EXISTS=pthread_create   -o CMakeFiles/cmTC_2c9af.dir/CheckFunctionExists.c.o   -c /usr/share/cmake-3.5/Modules/CheckFunctionExists.c
Linking C executable cmTC_2c9af
/usr/bin/cmake -E cmake_link_script CMakeFiles/cmTC_2c9af.dir/link.txt --verbose=1
/usr/bin/cc   -DCHECK_FUNCTION_EXISTS=pthread_create    CMakeFiles/cmTC_2c9af.dir/CheckFunctionExists.c.o  -o cmTC_2c9af -rdynamic -lpthreads 
/usr/bin/ld: cannot find -lpthreads
collect2: error: ld returned 1 exit status
CMakeFiles/cmTC_2c9af.dir/build.make:97: recipe for target 'cmTC_2c9af' failed
make[1]: *** [cmTC_2c9af] Error 1
make[1]: Leaving directory '/home/csorawit/ZED_ws/src/other/cuda refocus/build/CMakeFiles/CMakeTmp'
Makefile:126: recipe for target 'cmTC_2c9af/fast' failed
make: *** [cmTC_2c9af/fast] Error 2


