Determining if the pthread_create exist failed with the following output:
Change Dir: /home/csorawit/ZED_ws/src/spatial mapping/build/CMakeFiles/CMakeTmp

Run Build Command:"/usr/bin/make" "cmTC_5e511/fast"
/usr/bin/make -f CMakeFiles/cmTC_5e511.dir/build.make CMakeFiles/cmTC_5e511.dir/build
make[1]: Entering directory '/home/csorawit/ZED_ws/src/spatial mapping/build/CMakeFiles/CMakeTmp'
Building C object CMakeFiles/cmTC_5e511.dir/CheckSymbolExists.c.o
/usr/bin/cc     -o CMakeFiles/cmTC_5e511.dir/CheckSymbolExists.c.o   -c "/home/csorawit/ZED_ws/src/spatial mapping/build/CMakeFiles/CMakeTmp/CheckSymbolExists.c"
Linking C executable cmTC_5e511
/usr/bin/cmake -E cmake_link_script CMakeFiles/cmTC_5e511.dir/link.txt --verbose=1
/usr/bin/cc       CMakeFiles/cmTC_5e511.dir/CheckSymbolExists.c.o  -o cmTC_5e511 -rdynamic 
CMakeFiles/cmTC_5e511.dir/CheckSymbolExists.c.o: In function `main':
CheckSymbolExists.c:(.text+0x16): undefined reference to `pthread_create'
collect2: error: ld returned 1 exit status
CMakeFiles/cmTC_5e511.dir/build.make:97: recipe for target 'cmTC_5e511' failed
make[1]: *** [cmTC_5e511] Error 1
make[1]: Leaving directory '/home/csorawit/ZED_ws/src/spatial mapping/build/CMakeFiles/CMakeTmp'
Makefile:126: recipe for target 'cmTC_5e511/fast' failed
make: *** [cmTC_5e511/fast] Error 2

File /home/csorawit/ZED_ws/src/spatial mapping/build/CMakeFiles/CMakeTmp/CheckSymbolExists.c:
/* */
#include <pthread.h>

int main(int argc, char** argv)
{
  (void)argv;
#ifndef pthread_create
  return ((int*)(&pthread_create))[argc];
#else
  (void)argc;
  return 0;
#endif
}

Determining if the function pthread_create exists in the pthreads failed with the following output:
Change Dir: /home/csorawit/ZED_ws/src/spatial mapping/build/CMakeFiles/CMakeTmp

Run Build Command:"/usr/bin/make" "cmTC_c3af8/fast"
/usr/bin/make -f CMakeFiles/cmTC_c3af8.dir/build.make CMakeFiles/cmTC_c3af8.dir/build
make[1]: Entering directory '/home/csorawit/ZED_ws/src/spatial mapping/build/CMakeFiles/CMakeTmp'
Building C object CMakeFiles/cmTC_c3af8.dir/CheckFunctionExists.c.o
/usr/bin/cc    -DCHECK_FUNCTION_EXISTS=pthread_create   -o CMakeFiles/cmTC_c3af8.dir/CheckFunctionExists.c.o   -c /usr/share/cmake-3.5/Modules/CheckFunctionExists.c
Linking C executable cmTC_c3af8
/usr/bin/cmake -E cmake_link_script CMakeFiles/cmTC_c3af8.dir/link.txt --verbose=1
/usr/bin/cc   -DCHECK_FUNCTION_EXISTS=pthread_create    CMakeFiles/cmTC_c3af8.dir/CheckFunctionExists.c.o  -o cmTC_c3af8 -rdynamic -lpthreads 
/usr/bin/ld: cannot find -lpthreads
collect2: error: ld returned 1 exit status
CMakeFiles/cmTC_c3af8.dir/build.make:97: recipe for target 'cmTC_c3af8' failed
make[1]: *** [cmTC_c3af8] Error 1
make[1]: Leaving directory '/home/csorawit/ZED_ws/src/spatial mapping/build/CMakeFiles/CMakeTmp'
Makefile:126: recipe for target 'cmTC_c3af8/fast' failed
make: *** [cmTC_c3af8/fast] Error 2


