Determining if the pthread_create exist failed with the following output:
Change Dir: /home/csorawit/ZED_ws/src/positional_tracking/build/CMakeFiles/CMakeTmp

Run Build Command:"/usr/bin/make" "cmTC_09321/fast"
/usr/bin/make -f CMakeFiles/cmTC_09321.dir/build.make CMakeFiles/cmTC_09321.dir/build
make[1]: Entering directory '/home/csorawit/ZED_ws/src/positional_tracking/build/CMakeFiles/CMakeTmp'
Building C object CMakeFiles/cmTC_09321.dir/CheckSymbolExists.c.o
/usr/bin/cc     -o CMakeFiles/cmTC_09321.dir/CheckSymbolExists.c.o   -c /home/csorawit/ZED_ws/src/positional_tracking/build/CMakeFiles/CMakeTmp/CheckSymbolExists.c
Linking C executable cmTC_09321
/usr/bin/cmake -E cmake_link_script CMakeFiles/cmTC_09321.dir/link.txt --verbose=1
/usr/bin/cc       CMakeFiles/cmTC_09321.dir/CheckSymbolExists.c.o  -o cmTC_09321 -rdynamic 
CMakeFiles/cmTC_09321.dir/CheckSymbolExists.c.o: In function `main':
CheckSymbolExists.c:(.text+0x16): undefined reference to `pthread_create'
collect2: error: ld returned 1 exit status
CMakeFiles/cmTC_09321.dir/build.make:97: recipe for target 'cmTC_09321' failed
make[1]: *** [cmTC_09321] Error 1
make[1]: Leaving directory '/home/csorawit/ZED_ws/src/positional_tracking/build/CMakeFiles/CMakeTmp'
Makefile:126: recipe for target 'cmTC_09321/fast' failed
make: *** [cmTC_09321/fast] Error 2

File /home/csorawit/ZED_ws/src/positional_tracking/build/CMakeFiles/CMakeTmp/CheckSymbolExists.c:
/* */
#include <pthread.h>

int main(int argc, char** argv)
{
  (void)argv;
#ifndef pthread_create
  return ((int*)(&pthread_create))[argc];
#else
  (void)argc;
  return 0;
#endif
}

Determining if the function pthread_create exists in the pthreads failed with the following output:
Change Dir: /home/csorawit/ZED_ws/src/positional_tracking/build/CMakeFiles/CMakeTmp

Run Build Command:"/usr/bin/make" "cmTC_46050/fast"
/usr/bin/make -f CMakeFiles/cmTC_46050.dir/build.make CMakeFiles/cmTC_46050.dir/build
make[1]: Entering directory '/home/csorawit/ZED_ws/src/positional_tracking/build/CMakeFiles/CMakeTmp'
Building C object CMakeFiles/cmTC_46050.dir/CheckFunctionExists.c.o
/usr/bin/cc    -DCHECK_FUNCTION_EXISTS=pthread_create   -o CMakeFiles/cmTC_46050.dir/CheckFunctionExists.c.o   -c /usr/share/cmake-3.5/Modules/CheckFunctionExists.c
Linking C executable cmTC_46050
/usr/bin/cmake -E cmake_link_script CMakeFiles/cmTC_46050.dir/link.txt --verbose=1
/usr/bin/cc   -DCHECK_FUNCTION_EXISTS=pthread_create    CMakeFiles/cmTC_46050.dir/CheckFunctionExists.c.o  -o cmTC_46050 -rdynamic -lpthreads 
/usr/bin/ld: cannot find -lpthreads
collect2: error: ld returned 1 exit status
CMakeFiles/cmTC_46050.dir/build.make:97: recipe for target 'cmTC_46050' failed
make[1]: *** [cmTC_46050] Error 1
make[1]: Leaving directory '/home/csorawit/ZED_ws/src/positional_tracking/build/CMakeFiles/CMakeTmp'
Makefile:126: recipe for target 'cmTC_46050/fast' failed
make: *** [cmTC_46050/fast] Error 2


